{
  "RSpec": {
    "coverage": {
      "/home/sti/Projetos Rails/curso-rails/modulo_05/time-to-answer/config/environment.rb": [
        null,
        1,
        null,
        null,
        1
      ],
      "/home/sti/Projetos Rails/curso-rails/modulo_05/time-to-answer/config/application.rb": [
        1,
        null,
        null,
        1,
        null,
        1,
        1,
        1,
        1,
        1,
        1,
        1,
        1,
        1,
        null,
        null,
        null,
        null,
        1,
        null,
        1,
        1,
        null,
        1,
        null,
        null,
        null,
        null,
        null,
        null,
        null,
        1,
        null,
        null
      ],
      "/home/sti/Projetos Rails/curso-rails/modulo_05/time-to-answer/config/boot.rb": [
        1,
        null,
        1,
        1
      ],
      "/home/sti/Projetos Rails/curso-rails/modulo_05/time-to-answer/config/environments/test.rb": [
        1,
        null,
        null,
        null,
        null,
        null,
        null,
        1,
        null,
        null,
        null,
        null,
        1,
        null,
        null,
        1,
        1,
        null,
        null,
        null,
        null,
        1,
        1,
        1,
        null,
        1,
        null,
        null,
        1,
        null,
        null,
        1,
        null,
        1,
        null,
        null,
        null,
        null,
        1,
        null,
        null,
        1,
        null,
        null,
        null,
        null
      ],
      "/home/sti/Projetos Rails/curso-rails/modulo_05/time-to-answer/config/initializers/application_controller_renderer.rb": [
        null,
        null,
        null,
        null,
        null,
        null,
        null,
        null
      ],
      "/home/sti/Projetos Rails/curso-rails/modulo_05/time-to-answer/config/initializers/assets.rb": [
        null,
        null,
        null,
        1,
        null,
        null,
        null,
        null,
        1,
        null,
        null,
        null,
        null,
        null,
        null,
        1,
        null,
        null,
        null,
        1
      ],
      "/home/sti/Projetos Rails/curso-rails/modulo_05/time-to-answer/config/initializers/backtrace_silencers.rb": [
        null,
        null,
        null,
        null,
        null,
        null,
        null
      ],
      "/home/sti/Projetos Rails/curso-rails/modulo_05/time-to-answer/config/initializers/content_security_policy.rb": [
        null,
        null,
        null,
        null,
        null,
        null,
        null,
        null,
        null,
        null,
        null,
        null,
        null,
        null,
        null,
        null,
        null,
        null,
        null,
        null,
        null,
        null,
        null,
        null,
        null
      ],
      "/home/sti/Projetos Rails/curso-rails/modulo_05/time-to-answer/config/initializers/cookies_serializer.rb": [
        null,
        null,
        null,
        null,
        1
      ],
      "/home/sti/Projetos Rails/curso-rails/modulo_05/time-to-answer/config/initializers/devise.rb": [
        null,
        null,
        null,
        null,
        1,
        null,
        null,
        null,
        null,
        null,
        null,
        null,
        null,
        null,
        null,
        null,
        null,
        null,
        null,
        null,
        1,
        null,
        null,
        null,
        null,
        null,
        null,
        null,
        null,
        null,
        null,
        null,
        1,
        null,
        null,
        null,
        null,
        null,
        null,
        null,
        null,
        null,
        null,
        null,
        null,
        null,
        null,
        null,
        null,
        null,
        null,
        null,
        null,
        null,
        1,
        null,
        null,
        null,
        null,
        1,
        null,
        null,
        null,
        null,
        null,
        null,
        null,
        null,
        null,
        null,
        null,
        null,
        null,
        null,
        null,
        null,
        null,
        null,
        null,
        null,
        null,
        null,
        null,
        null,
        null,
        null,
        null,
        null,
        null,
        null,
        1,
        null,
        null,
        null,
        null,
        null,
        null,
        null,
        null,
        null,
        null,
        null,
        null,
        null,
        null,
        null,
        null,
        null,
        null,
        null,
        null,
        null,
        null,
        1,
        null,
        null,
        null,
        null,
        null,
        null,
        null,
        null,
        null,
        null,
        null,
        null,
        null,
        null,
        null,
        null,
        null,
        null,
        null,
        null,
        null,
        null,
        null,
        null,
        null,
        null,
        null,
        null,
        null,
        null,
        null,
        null,
        null,
        1,
        null,
        null,
        null,
        null,
        null,
        null,
        null,
        null,
        null,
        1,
        null,
        null,
        null,
        null,
        null,
        null,
        null,
        null,
        null,
        null,
        1,
        null,
        null,
        null,
        null,
        1,
        null,
        null,
        null,
        null,
        null,
        null,
        null,
        null,
        null,
        null,
        null,
        null,
        null,
        null,
        null,
        null,
        null,
        null,
        null,
        null,
        null,
        null,
        null,
        null,
        null,
        null,
        null,
        null,
        null,
        null,
        null,
        null,
        null,
        null,
        null,
        null,
        null,
        null,
        null,
        null,
        1,
        null,
        null,
        null,
        null,
        null,
        null,
        null,
        null,
        null,
        null,
        null,
        null,
        null,
        null,
        null,
        null,
        null,
        null,
        null,
        1,
        null,
        null,
        null,
        null,
        null,
        null,
        null,
        1,
        null,
        null,
        null,
        null,
        null,
        null,
        null,
        null,
        null,
        null,
        null,
        null,
        null,
        1,
        null,
        null,
        null,
        null,
        null,
        null,
        null,
        null,
        null,
        null,
        null,
        null,
        null,
        null,
        null,
        null,
        null,
        null,
        null,
        null,
        null,
        null,
        null,
        null,
        null,
        null,
        null,
        null,
        null,
        null,
        null,
        null,
        null,
        null,
        null,
        null,
        null,
        null,
        null,
        null,
        null,
        null
      ],
      "/home/sti/Projetos Rails/curso-rails/modulo_05/time-to-answer/config/initializers/filter_parameter_logging.rb": [
        null,
        null,
        null,
        1
      ],
      "/home/sti/Projetos Rails/curso-rails/modulo_05/time-to-answer/config/initializers/inflections.rb": [
        null,
        null,
        null,
        null,
        null,
        null,
        null,
        null,
        null,
        null,
        null,
        null,
        null,
        null,
        null,
        null
      ],
      "/home/sti/Projetos Rails/curso-rails/modulo_05/time-to-answer/config/initializers/locale.rb": [
        null,
        1,
        null,
        null,
        1
      ],
      "/home/sti/Projetos Rails/curso-rails/modulo_05/time-to-answer/config/initializers/mime_types.rb": [
        null,
        null,
        null,
        null
      ],
      "/home/sti/Projetos Rails/curso-rails/modulo_05/time-to-answer/config/initializers/wrap_parameters.rb": [
        null,
        null,
        null,
        null,
        null,
        null,
        1,
        2,
        null,
        null,
        null,
        null,
        null,
        null
      ],
      "/home/sti/Projetos Rails/curso-rails/modulo_05/time-to-answer/spec/factories/admins.rb": [
        1,
        1,
        11,
        11,
        null,
        null,
        null,
        null,
        null,
        null
      ],
      "/home/sti/Projetos Rails/curso-rails/modulo_05/time-to-answer/spec/factories/questions.rb": [
        1,
        1,
        1,
        3,
        null,
        null,
        null,
        null,
        null
      ],
      "/home/sti/Projetos Rails/curso-rails/modulo_05/time-to-answer/spec/factories/subjects.rb": [
        1,
        1,
        3,
        null,
        null,
        null
      ],
      "/home/sti/Projetos Rails/curso-rails/modulo_05/time-to-answer/config/routes.rb": [
        1,
        null,
        1,
        1,
        null,
        1,
        1,
        null,
        1,
        1,
        1,
        1,
        1,
        null,
        null,
        1,
        1,
        null,
        1,
        null,
        1,
        null,
        null
      ],
      "/home/sti/Projetos Rails/curso-rails/modulo_05/time-to-answer/app/models/admin.rb": [
        1,
        1,
        1,
        null,
        null,
        null,
        1,
        null,
        1,
        1,
        null,
        1,
        null,
        1,
        null,
        1,
        14,
        null,
        null
      ],
      "/home/sti/Projetos Rails/curso-rails/modulo_05/time-to-answer/app/models/application_record.rb": [
        1,
        1,
        null
      ],
      "/home/sti/Projetos Rails/curso-rails/modulo_05/time-to-answer/app/models/user.rb": [
        1,
        null,
        null,
        1,
        null,
        null
      ],
      "/home/sti/Projetos Rails/curso-rails/modulo_05/time-to-answer/app/helpers/admins_backoffice_helper.rb": [
        1,
        1,
        8,
        8,
        null,
        0,
        null,
        null,
        null,
        null
      ],
      "/home/sti/Projetos Rails/curso-rails/modulo_05/time-to-answer/app/helpers/admins_backoffice/admins_helper.rb": [
        1,
        null
      ],
      "/home/sti/Projetos Rails/curso-rails/modulo_05/time-to-answer/app/helpers/admins_backoffice/questions_helper.rb": [
        1,
        null
      ],
      "/home/sti/Projetos Rails/curso-rails/modulo_05/time-to-answer/app/helpers/admins_backoffice/subjects_helper.rb": [
        1,
        null
      ],
      "/home/sti/Projetos Rails/curso-rails/modulo_05/time-to-answer/app/helpers/admins_backoffice/welcome_helper.rb": [
        1,
        null
      ],
      "/home/sti/Projetos Rails/curso-rails/modulo_05/time-to-answer/app/helpers/application_helper.rb": [
        1,
        null
      ],
      "/home/sti/Projetos Rails/curso-rails/modulo_05/time-to-answer/app/helpers/site_helper.rb": [
        1,
        null
      ],
      "/home/sti/Projetos Rails/curso-rails/modulo_05/time-to-answer/app/helpers/site/welcome_helper.rb": [
        1,
        null
      ],
      "/home/sti/Projetos Rails/curso-rails/modulo_05/time-to-answer/app/helpers/users_backoffice_helper.rb": [
        1,
        null
      ],
      "/home/sti/Projetos Rails/curso-rails/modulo_05/time-to-answer/app/helpers/users_backoffice/welcome_helper.rb": [
        1,
        null
      ],
      "/home/sti/Projetos Rails/curso-rails/modulo_05/time-to-answer/spec/support/controller_admins_spec.rb": [
        null,
        null,
        null,
        null,
        null,
        null,
        null,
        null,
        null,
        null,
        null,
        null,
        null,
        null,
        null,
        null,
        null,
        null,
        null,
        1,
        1,
        0,
        0,
        0,
        null,
        null,
        null,
        null
      ],
      "/home/sti/Projetos Rails/curso-rails/modulo_05/time-to-answer/spec/support/database_cleaner.rb": [
        1,
        null,
        1,
        1,
        null,
        null,
        1,
        18,
        null,
        null,
        1,
        3,
        null,
        null,
        1,
        18,
        null,
        null,
        1,
        18,
        null,
        null,
        null
      ],
      "/home/sti/Projetos Rails/curso-rails/modulo_05/time-to-answer/spec/support/capybara.rb": [
        1,
        null,
        1,
        1,
        null,
        1,
        null,
        null,
        null,
        1,
        0,
        0,
        null,
        null,
        null,
        1,
        null
      ],
      "/home/sti/Projetos Rails/curso-rails/modulo_05/time-to-answer/spec/support/factory_bot.rb": [
        null,
        1,
        1,
        null,
        1,
        null,
        null,
        1,
        null,
        null,
        null
      ],
      "/home/sti/Projetos Rails/curso-rails/modulo_05/time-to-answer/spec/features/admin_management_spec.rb": [
        1,
        null,
        1,
        1,
        4,
        null,
        5,
        null,
        1,
        1,
        1,
        null,
        null,
        null,
        1,
        1,
        1,
        1,
        1,
        1,
        1,
        1,
        1,
        1,
        null,
        null,
        1,
        1,
        1,
        1,
        1,
        1,
        1,
        1,
        1,
        1,
        null,
        null,
        1,
        1,
        1,
        1,
        1,
        null,
        1,
        1,
        1,
        null,
        null,
        null
      ],
      "/home/sti/Projetos Rails/curso-rails/modulo_05/time-to-answer/spec/models/admin_spec.rb": [
        1,
        null,
        1,
        3,
        3,
        null,
        1,
        2,
        2,
        null,
        null,
        null,
        null,
        null,
        null,
        null,
        null,
        null
      ],
      "/home/sti/Projetos Rails/curso-rails/modulo_05/time-to-answer/spec/models/question_spec.rb": [
        1,
        1,
        3,
        3,
        null,
        1,
        2,
        null,
        null,
        null,
        null,
        null,
        null,
        null,
        null,
        null,
        null,
        null,
        null,
        1,
        2,
        null,
        null
      ],
      "/home/sti/Projetos Rails/curso-rails/modulo_05/time-to-answer/app/models/question.rb": [
        1,
        1,
        1,
        1,
        1,
        null
      ],
      "/home/sti/Projetos Rails/curso-rails/modulo_05/time-to-answer/spec/models/subject_spec.rb": [
        1,
        1,
        3,
        null,
        1,
        2,
        null,
        null,
        1,
        2,
        null,
        null,
        null
      ],
      "/home/sti/Projetos Rails/curso-rails/modulo_05/time-to-answer/app/models/subject.rb": [
        1,
        1,
        1,
        null
      ],
      "/home/sti/Projetos Rails/curso-rails/modulo_05/time-to-answer/spec/requests/admins_request_spec.rb": [
        1,
        1,
        null,
        1,
        1,
        1,
        1,
        null,
        null,
        null
      ],
      "/home/sti/Projetos Rails/curso-rails/modulo_05/time-to-answer/app/controllers/admins_backoffice/admins_controller.rb": [
        1,
        1,
        1,
        null,
        1,
        8,
        null,
        null,
        1,
        1,
        null,
        null,
        1,
        1,
        1,
        1,
        null,
        0,
        null,
        null,
        null,
        1,
        null,
        null,
        1,
        1,
        1,
        null,
        0,
        null,
        null,
        null,
        1,
        1,
        1,
        null,
        0,
        null,
        null,
        null,
        1,
        null,
        1,
        2,
        null,
        null,
        1,
        4,
        null,
        null,
        1,
        1,
        0,
        null,
        null,
        null
      ],
      "/home/sti/Projetos Rails/curso-rails/modulo_05/time-to-answer/app/controllers/admins_backoffice_controller.rb": [
        1,
        1,
        1,
        null
      ],
      "/home/sti/Projetos Rails/curso-rails/modulo_05/time-to-answer/app/controllers/application_controller.rb": [
        1,
        null
      ],
      "/home/sti/Projetos Rails/curso-rails/modulo_05/time-to-answer/app/controllers/site/welcome_controller.rb": [
        1,
        1,
        null,
        null
      ],
      "/home/sti/Projetos Rails/curso-rails/modulo_05/time-to-answer/app/controllers/site_controller.rb": [
        1,
        1,
        null
      ]
    },
    "timestamp": 1554236086
  }
}
